{
  "RSpec": {
    "coverage": {
      "/Users/Calvin/programming_practice/info_compass/spec/support/helpers.rb": {
        "lines": [
          1,
          73,
          null,
          null,
          1,
          4,
          null,
          null,
          1,
          5,
          5,
          5,
          null
        ]
      },
      "/Users/Calvin/programming_practice/info_compass/spec/support/shared_examples.rb": {
        "lines": [
          1,
          null,
          1,
          10,
          10,
          10,
          null,
          null,
          10,
          10,
          10,
          null,
          null,
          null,
          1,
          9,
          9,
          9,
          9,
          null,
          null,
          9,
          9,
          9,
          9,
          null,
          null
        ]
      },
      "/Users/Calvin/programming_practice/info_compass/spec/rails_helper.rb": {
        "lines": [
          null,
          1,
          1,
          1,
          null,
          1,
          1,
          null,
          null,
          null,
          null,
          null,
          null,
          null,
          null,
          null,
          null,
          null,
          null,
          null,
          null,
          null,
          null,
          null,
          null,
          null,
          null,
          1,
          null,
          0,
          0,
          null,
          1,
          null,
          1,
          null,
          null,
          null,
          null,
          1,
          null,
          null,
          null,
          null,
          null,
          null,
          null,
          null,
          null,
          null,
          null,
          null,
          null,
          null,
          null,
          null,
          null,
          1,
          null,
          null,
          1,
          null,
          null,
          null,
          1,
          1,
          1,
          1,
          null,
          null,
          null
        ]
      },
      "/Users/Calvin/programming_practice/info_compass/config/environment.rb": {
        "lines": [
          null,
          1,
          null,
          null,
          1
        ]
      },
      "/Users/Calvin/programming_practice/info_compass/config/application.rb": {
        "lines": [
          1,
          null,
          1,
          null,
          null,
          null,
          1,
          null,
          1,
          1,
          null,
          1,
          null,
          null,
          1,
          null,
          null,
          null,
          null,
          null,
          null,
          null,
          null,
          null,
          null
        ]
      },
      "/Users/Calvin/programming_practice/info_compass/config/boot.rb": {
        "lines": [
          1,
          null,
          1,
          1
        ]
      },
      "/Users/Calvin/programming_practice/info_compass/config/environments/test.rb": {
        "lines": [
          1,
          null,
          null,
          null,
          null,
          null,
          null,
          1,
          null,
          null,
          1,
          1,
          null,
          null,
          null,
          null,
          1,
          null,
          null,
          1,
          1,
          null,
          null,
          null,
          null,
          1,
          1,
          1,
          null,
          null,
          1,
          null,
          null,
          1,
          null,
          null,
          1,
          null,
          1,
          null,
          null,
          null,
          null,
          1,
          null,
          null,
          1,
          null,
          null,
          1,
          null,
          null,
          1,
          null,
          null,
          null,
          null,
          null,
          null,
          null
        ]
      },
      "/Users/Calvin/programming_practice/info_compass/config/initializers/application_controller_renderer.rb": {
        "lines": [
          null,
          null,
          null,
          null,
          null,
          null,
          null,
          null
        ]
      },
      "/Users/Calvin/programming_practice/info_compass/config/initializers/assets.rb": {
        "lines": [
          null,
          null,
          null,
          1,
          null,
          null,
          null,
          null,
          1,
          null,
          null,
          null,
          null,
          null
        ]
      },
      "/Users/Calvin/programming_practice/info_compass/config/initializers/backtrace_silencers.rb": {
        "lines": [
          null,
          null,
          null,
          null,
          null,
          null,
          null,
          1
        ]
      },
      "/Users/Calvin/programming_practice/info_compass/config/initializers/content_security_policy.rb": {
        "lines": [
          null,
          null,
          null,
          null,
          null,
          null,
          null,
          null,
          null,
          null,
          null,
          null,
          null,
          null,
          null,
          null,
          null,
          null,
          null,
          null,
          null,
          null,
          null,
          null,
          null,
          null,
          null,
          null,
          null,
          null
        ]
      },
      "/Users/Calvin/programming_practice/info_compass/config/initializers/cookies_serializer.rb": {
        "lines": [
          null,
          null,
          null,
          null,
          1
        ]
      },
      "/Users/Calvin/programming_practice/info_compass/config/initializers/filter_parameter_logging.rb": {
        "lines": [
          null,
          null,
          null,
          1,
          null,
          null
        ]
      },
      "/Users/Calvin/programming_practice/info_compass/config/initializers/inflections.rb": {
        "lines": [
          null,
          null,
          null,
          null,
          null,
          null,
          null,
          null,
          null,
          null,
          null,
          null,
          null,
          null,
          null,
          null
        ]
      },
      "/Users/Calvin/programming_practice/info_compass/config/initializers/mime_types.rb": {
        "lines": [
          null,
          null,
          null,
          null
        ]
      },
      "/Users/Calvin/programming_practice/info_compass/config/initializers/mini-profiler.rb": {
        "lines": [
          1,
          0,
          null
        ]
      },
      "/Users/Calvin/programming_practice/info_compass/config/initializers/permissions_policy.rb": {
        "lines": [
          null,
          null,
          null,
          null,
          null,
          null,
          null,
          null,
          null,
          null,
          null
        ]
      },
      "/Users/Calvin/programming_practice/info_compass/config/initializers/sentry.rb": {
        "lines": [
          1,
          1,
          1,
          1,
          null
        ]
      },
      "/Users/Calvin/programming_practice/info_compass/config/initializers/wrap_parameters.rb": {
        "lines": [
          null,
          null,
          null,
          null,
          null,
          null,
          1,
          2,
          null,
          null,
          null,
          null,
          null,
          null
        ]
      },
      "/Users/Calvin/programming_practice/info_compass/config/routes.rb": {
        "lines": [
          1,
          1,
          null,
          1,
          1,
          1,
          1,
          1,
          null,
          1,
          1,
          1,
          1,
          1,
          1,
          1,
          1,
          1,
          null,
          1,
          1,
          1,
          1,
          1,
          null,
          null,
          1,
          1,
          1,
          null
        ]
      },
      "/Users/Calvin/programming_practice/info_compass/app/helpers/application_helper.rb": {
        "lines": [
          1,
          1,
          231,
          null,
          null,
          1,
          149,
          null,
          null
        ]
      },
      "/Users/Calvin/programming_practice/info_compass/spec/controllers/articles_controller_spec.rb": {
        "lines": [
          1,
          null,
          1,
          1,
          1,
          1,
          3,
          null,
          null,
          null,
          1,
          1,
          1,
          1,
          1,
          1,
          1,
          null,
          null,
          1,
          1,
          1,
          1,
          1,
          1,
          null,
          null,
          1,
          1,
          1,
          1,
          1,
          null,
          null,
          1,
          1,
          1,
          1,
          1,
          1,
          1,
          null,
          null,
          1,
          1,
          1,
          1,
          1,
          null,
          null,
          1,
          1,
          1,
          1,
          1,
          1,
          1,
          null,
          null,
          null,
          null,
          1,
          1,
          1,
          3,
          null,
          null,
          null,
          1,
          1,
          7,
          7,
          7,
          7,
          null,
          null,
          1,
          1,
          1,
          1,
          null,
          null,
          1,
          1,
          1,
          1,
          1,
          null,
          null,
          1,
          1,
          1,
          1,
          null,
          null,
          1,
          1,
          1,
          1,
          1,
          1,
          null,
          null,
          1,
          1,
          1,
          1,
          1,
          null,
          null,
          1,
          1,
          1,
          1,
          null,
          null,
          1,
          1,
          1,
          null,
          null,
          null,
          null
        ]
      },
      "/Users/Calvin/programming_practice/info_compass/app/controllers/articles_controller.rb": {
        "lines": [
          1,
          null,
          1,
          null,
          1,
          7,
          7,
          7,
          2,
          null,
          5,
          5,
          null,
          null,
          7,
          6,
          1,
          1,
          null,
          null,
          null,
          1,
          6,
          6,
          4,
          null,
          2,
          null,
          null,
          6,
          5,
          1,
          1,
          null,
          null,
          null,
          1,
          null,
          1,
          4,
          null,
          null
        ]
      },
      "/Users/Calvin/programming_practice/info_compass/app/controllers/application_controller.rb": {
        "lines": [
          1,
          null,
          1,
          null,
          1,
          0,
          null,
          null,
          1,
          68,
          20,
          20,
          null,
          null,
          null,
          1,
          57,
          18,
          18,
          null,
          null,
          null
        ]
      },
      "/Users/Calvin/programming_practice/info_compass/spec/controllers/pages_controller_spec.rb": {
        "lines": [
          1,
          null,
          1,
          1,
          1,
          3,
          null,
          null,
          null,
          1,
          1,
          1,
          1,
          null,
          null,
          null
        ]
      },
      "/Users/Calvin/programming_practice/info_compass/app/controllers/pages_controller.rb": {
        "lines": [
          1,
          1,
          null,
          1,
          null,
          null
        ]
      },
      "/Users/Calvin/programming_practice/info_compass/spec/controllers/search_terms_controller_spec.rb": {
        "lines": [
          1,
          null,
          1,
          1,
          1,
          1,
          1,
          1,
          1,
          1,
          null,
          null,
          1,
          1,
          1,
          1,
          1,
          1,
          null,
          null,
          1,
          1,
          1,
          1,
          1,
          1,
          1,
          null,
          null,
          1,
          1,
          1,
          1,
          1,
          1,
          1,
          null,
          null,
          1,
          1,
          1,
          1,
          1,
          1,
          1,
          null,
          null,
          1,
          1,
          1,
          1,
          1,
          1,
          null,
          null,
          1,
          1,
          1,
          1,
          1,
          1,
          null,
          null,
          1,
          1,
          1,
          1,
          1,
          1,
          null,
          null,
          null,
          1,
          1,
          1,
          1,
          1,
          1,
          1,
          1,
          null,
          null,
          1,
          1,
          1,
          1,
          1,
          1,
          1,
          1,
          null,
          null,
          1,
          1,
          1,
          1,
          1,
          1,
          1,
          1,
          null,
          null,
          1,
          1,
          1,
          1,
          1,
          1,
          1,
          1,
          null,
          null,
          1,
          1,
          1,
          1,
          1,
          1,
          1,
          null,
          null,
          1,
          1,
          1,
          1,
          1,
          1,
          1,
          null,
          null,
          1,
          1,
          1,
          1,
          1,
          1,
          1,
          1,
          null,
          null,
          null
        ]
      },
      "/Users/Calvin/programming_practice/info_compass/app/controllers/search_terms_controller.rb": {
        "lines": [
          1,
          1,
          8,
          8,
          8,
          6,
          5,
          5,
          null,
          1,
          null,
          null,
          2,
          null,
          null,
          8,
          7,
          1,
          1,
          null,
          null,
          null,
          1,
          7,
          7,
          7,
          5,
          5,
          5,
          null,
          2,
          null,
          null,
          7,
          6,
          1,
          1,
          null,
          null,
          null,
          1,
          null,
          1,
          8,
          null,
          null
        ]
      },
      "/Users/Calvin/programming_practice/info_compass/spec/controllers/sessions_controller_spec.rb": {
        "lines": [
          1,
          null,
          1,
          1,
          1,
          1,
          3,
          null,
          null,
          null,
          1,
          1,
          1,
          1,
          null,
          null,
          null,
          null,
          1,
          1,
          1,
          3,
          null,
          null,
          null,
          1,
          1,
          5,
          null,
          null,
          1,
          1,
          1,
          1,
          null,
          null,
          1,
          1,
          1,
          null,
          null,
          1,
          1,
          1,
          null,
          null,
          null,
          1,
          1,
          1,
          1,
          null,
          null,
          1,
          1,
          1,
          null,
          null,
          null,
          null,
          1,
          1,
          4,
          null,
          1,
          1,
          1,
          null,
          null,
          1,
          1,
          1,
          null,
          null,
          1,
          1,
          1,
          null,
          null,
          null,
          1,
          1,
          3,
          null,
          null,
          null,
          null
        ]
      },
      "/Users/Calvin/programming_practice/info_compass/app/controllers/sessions_controller.rb": {
        "lines": [
          1,
          1,
          1,
          null,
          1,
          null,
          1,
          null,
          null,
          1,
          8,
          8,
          6,
          6,
          6,
          null,
          2,
          2,
          null,
          null,
          null,
          1,
          4,
          4,
          4,
          null,
          null
        ]
      },
      "/Users/Calvin/programming_practice/info_compass/spec/controllers/topics_controller_spec.rb": {
        "lines": [
          1,
          null,
          1,
          1,
          1,
          1,
          3,
          null,
          null,
          null,
          1,
          1,
          1,
          1,
          1,
          1,
          1,
          null,
          null,
          null,
          null,
          1,
          1,
          1,
          3,
          null,
          null,
          null,
          1,
          1,
          1,
          1,
          1,
          1,
          1,
          null,
          null,
          null,
          null,
          1,
          1,
          1,
          3,
          null,
          null,
          null,
          1,
          1,
          7,
          7,
          7,
          null,
          null,
          1,
          1,
          1,
          null,
          null,
          1,
          1,
          1,
          1,
          null,
          null,
          1,
          1,
          1,
          null,
          null,
          1,
          1,
          1,
          null,
          null,
          1,
          1,
          1,
          null,
          null,
          1,
          1,
          1,
          null,
          null,
          1,
          1,
          1,
          null,
          null,
          null,
          null,
          1,
          1,
          1,
          3,
          null,
          null,
          null,
          1,
          1,
          4,
          4,
          null,
          null,
          1,
          1,
          1,
          1,
          null,
          null,
          1,
          1,
          1,
          1,
          null,
          null,
          1,
          1,
          1,
          1,
          null,
          null,
          1,
          1,
          1,
          1,
          null,
          null,
          null,
          null
        ]
      },
      "/Users/Calvin/programming_practice/info_compass/app/controllers/topics_controller.rb": {
        "lines": [
          1,
          1,
          null,
          1,
          4,
          4,
          4,
          null,
          null,
          null,
          1,
          1,
          1,
          1,
          null,
          null,
          null,
          1,
          7,
          7,
          7,
          7,
          6,
          30,
          11,
          null,
          null,
          6,
          6,
          null,
          1,
          null,
          null,
          7,
          6,
          1,
          1,
          null,
          null,
          null,
          1,
          4,
          4,
          3,
          null,
          null,
          4,
          3,
          1,
          1,
          null,
          null,
          null
        ]
      },
      "/Users/Calvin/programming_practice/info_compass/spec/controllers/users_controller_spec.rb": {
        "lines": [
          1,
          null,
          1,
          1,
          1,
          1,
          1,
          1,
          null,
          null,
          null,
          1,
          1,
          3,
          null,
          null,
          null,
          null,
          1,
          1,
          1,
          1,
          1,
          1,
          null,
          null,
          1,
          1,
          1,
          null,
          null,
          1,
          1,
          1,
          null,
          null,
          null,
          1,
          1,
          1,
          1,
          null,
          null,
          1,
          1,
          null,
          null,
          1,
          1,
          1,
          null,
          null,
          null,
          null,
          1,
          1,
          3,
          null,
          null,
          null,
          null,
          1,
          1,
          1,
          3,
          null,
          null,
          null,
          1,
          1,
          2,
          null,
          null,
          1,
          1,
          1,
          null,
          null,
          1,
          1,
          1,
          null,
          null,
          null,
          null,
          1,
          1,
          1,
          3,
          null,
          null,
          null,
          1,
          1,
          2,
          2,
          null,
          null,
          1,
          1,
          1,
          null,
          null,
          1,
          1,
          1,
          null,
          null,
          null,
          null,
          1,
          1,
          1,
          3,
          null,
          null,
          null,
          1,
          1,
          7,
          7,
          null,
          null,
          1,
          1,
          1,
          1,
          1,
          null,
          null,
          1,
          1,
          1,
          1,
          1,
          null,
          null,
          1,
          1,
          1,
          1,
          null,
          null,
          1,
          1,
          1,
          null,
          null,
          1,
          1,
          1,
          null,
          null,
          1,
          1,
          1,
          null,
          null,
          1,
          1,
          1,
          1,
          1,
          1,
          1,
          null,
          null,
          null,
          null,
          1,
          1,
          1,
          3,
          null,
          null,
          null,
          1,
          1,
          1,
          1,
          null,
          null,
          null,
          null,
          1,
          1,
          1,
          3,
          null,
          null,
          null,
          1,
          1,
          1,
          5,
          5,
          null,
          null,
          1,
          1,
          null,
          null,
          1,
          1,
          null,
          null,
          1,
          1,
          null,
          null,
          1,
          1,
          1,
          null,
          null,
          1,
          1,
          null,
          null,
          null,
          1,
          3,
          null,
          1,
          1,
          null,
          null,
          1,
          1,
          null,
          null,
          null,
          null,
          null,
          1,
          1,
          1,
          3,
          null,
          null,
          null,
          1,
          1,
          1,
          1,
          null,
          null,
          null,
          null,
          1,
          1,
          1,
          3,
          null,
          null,
          null,
          1,
          1,
          1,
          4,
          4,
          4,
          null,
          null,
          1,
          1,
          null,
          null,
          1,
          1,
          null,
          null,
          1,
          1,
          null,
          null,
          1,
          1,
          null,
          null,
          null,
          1,
          1,
          2,
          2,
          2,
          null,
          null,
          1,
          1,
          null,
          null,
          1,
          1,
          null,
          null,
          null,
          null,
          null
        ]
      },
      "/Users/Calvin/programming_practice/info_compass/app/controllers/users_controller.rb": {
        "lines": [
          1,
          1,
          1,
          null,
          1,
          2,
          null,
          null,
          1,
          7,
          7,
          4,
          4,
          null,
          3,
          null,
          null,
          null,
          1,
          4,
          null,
          null,
          1,
          3,
          null,
          null,
          1,
          8,
          8,
          2,
          2,
          6,
          2,
          2,
          2,
          2,
          2,
          4,
          4,
          4,
          null,
          0,
          null,
          null,
          null,
          1,
          8,
          1,
          7,
          7,
          null,
          7,
          5,
          5,
          5,
          5,
          null,
          2,
          2,
          null,
          null,
          null,
          null,
          1,
          7,
          7,
          null,
          7,
          1,
          6,
          6,
          6,
          4,
          4,
          4,
          null,
          2,
          null,
          null,
          null,
          null,
          1,
          null,
          1,
          11,
          null,
          null
        ]
      },
      "/Users/Calvin/programming_practice/info_compass/spec/features/account_spec.rb": {
        "lines": [
          1,
          1,
          4,
          null,
          null,
          1,
          3,
          3,
          3,
          3,
          null,
          null,
          1,
          1,
          1,
          null,
          null,
          1,
          1,
          1,
          1,
          1,
          null,
          null,
          1,
          1,
          1,
          1,
          1,
          1,
          1,
          1,
          null,
          null,
          1,
          1,
          1,
          1,
          1,
          1,
          1,
          1,
          1,
          1,
          1,
          1,
          1,
          1,
          1,
          null,
          null
        ]
      },
      "/Users/Calvin/programming_practice/info_compass/spec/features/research_topics_spec.rb": {
        "lines": [
          1,
          1,
          0,
          null,
          null,
          1,
          0,
          0,
          0,
          0,
          null,
          null
        ]
      },
      "/Users/Calvin/programming_practice/info_compass/spec/models/api_query_spec.rb": {
        "lines": [
          1,
          null,
          1,
          1,
          2,
          null,
          null,
          1,
          2,
          2,
          2,
          2,
          null,
          null
        ]
      },
      "/Users/Calvin/programming_practice/info_compass/app/models/api_query.rb": {
        "lines": [
          1,
          1,
          1,
          null
        ]
      },
      "/Users/Calvin/programming_practice/info_compass/spec/models/article_spec.rb": {
        "lines": [
          1,
          null,
          1,
          1,
          2,
          null,
          null,
          1,
          2,
          2,
          2,
          2,
          2,
          null,
          null,
          1,
          1,
          1,
          1,
          1,
          1,
          1,
          1,
          null,
          null,
          1,
          1,
          1,
          1,
          1,
          null,
          null,
          null,
          1,
          1,
          3,
          3,
          null,
          null,
          1,
          1,
          1,
          null,
          null,
          1,
          1,
          null,
          null,
          1,
          1,
          null,
          null,
          1,
          1,
          1,
          1,
          1,
          null,
          null,
          null
        ]
      },
      "/Users/Calvin/programming_practice/info_compass/app/models/article.rb": {
        "lines": [
          1,
          1,
          null,
          3861,
          null,
          1,
          null,
          1,
          3,
          null,
          2,
          2,
          null,
          null
        ]
      },
      "/Users/Calvin/programming_practice/info_compass/spec/models/media_stack_query_spec.rb": {
        "lines": [
          1,
          null,
          1,
          2,
          2,
          null
        ]
      },
      "/Users/Calvin/programming_practice/info_compass/app/models/media_stack_query.rb": {
        "lines": [
          1,
          1,
          null
        ]
      },
      "/Users/Calvin/programming_practice/info_compass/spec/models/search_term_spec.rb": {
        "lines": [
          1,
          null,
          1,
          1,
          2,
          null,
          null,
          1,
          2,
          2,
          1,
          1,
          1,
          11,
          null,
          1,
          null,
          null,
          null,
          1,
          null,
          null,
          1,
          1,
          1,
          null,
          1,
          null,
          null,
          null,
          1,
          null,
          null,
          null
        ]
      },
      "/Users/Calvin/programming_practice/info_compass/app/models/search_term.rb": {
        "lines": [
          1,
          300,
          null,
          1,
          null,
          1,
          null,
          1,
          1,
          1,
          72,
          1,
          null,
          null,
          72,
          3,
          null,
          null,
          null,
          1,
          null,
          67,
          null,
          null
        ]
      },
      "/Users/Calvin/programming_practice/info_compass/spec/models/topic_spec.rb": {
        "lines": [
          1,
          null,
          1,
          1,
          2,
          2,
          2,
          null,
          null,
          1,
          2,
          2,
          2,
          1,
          1,
          26,
          null,
          1,
          null,
          null,
          null,
          1,
          null,
          null,
          null,
          1,
          1,
          1,
          6,
          1,
          1,
          null,
          null,
          1,
          1,
          6,
          1,
          1,
          null,
          null,
          null,
          1,
          1,
          6,
          1,
          null,
          null,
          null,
          1,
          1,
          1,
          1,
          1,
          1,
          5,
          null,
          1,
          1,
          6,
          null,
          null,
          1,
          1,
          1,
          6,
          1,
          1,
          null,
          null,
          null,
          1,
          null,
          null,
          null,
          null,
          null,
          1,
          1,
          1,
          1,
          1,
          1,
          null,
          null,
          1,
          1,
          1,
          1,
          1,
          null,
          null,
          1,
          1,
          1,
          1,
          1,
          1,
          1,
          1,
          null,
          null,
          null,
          1,
          1,
          1,
          1,
          1,
          1,
          null,
          null,
          1,
          1,
          1,
          1,
          1,
          null,
          null,
          1,
          1,
          1,
          1,
          1,
          1,
          1,
          1,
          null,
          null,
          null,
          null,
          1,
          1,
          1,
          1,
          1,
          1,
          null,
          null,
          1,
          1,
          1,
          1,
          1,
          null,
          null,
          1,
          1,
          1,
          1,
          1,
          1,
          1,
          1,
          null,
          null,
          1,
          1,
          1,
          4,
          1,
          1,
          1,
          1,
          null,
          null,
          null,
          1,
          1,
          1,
          4,
          1,
          1,
          null,
          null,
          1,
          1,
          4,
          1,
          1,
          1,
          null,
          null,
          null,
          1,
          1,
          1,
          1,
          1,
          1,
          null,
          null,
          1,
          1,
          1,
          1,
          1,
          1,
          1,
          null,
          null,
          1,
          1,
          4,
          1,
          1,
          1,
          1,
          1,
          null,
          null,
          1,
          1,
          1,
          1,
          1,
          1,
          null,
          1,
          null,
          1,
          1,
          1,
          null,
          null,
          1,
          1,
          1,
          1,
          1,
          null,
          1,
          1,
          1,
          null,
          null,
          null,
          1,
          1,
          1,
          1,
          1,
          1,
          1,
          1,
          null,
          null,
          1,
          1,
          1,
          1,
          1,
          1,
          1,
          1,
          1,
          null,
          null,
          null
        ]
      },
      "/Users/Calvin/programming_practice/info_compass/app/models/topic.rb": {
        "lines": [
          1,
          1896,
          null,
          1,
          null,
          1,
          1,
          1,
          null,
          1,
          1,
          1,
          113,
          1,
          null,
          null,
          null,
          1,
          5,
          6,
          null,
          null,
          null,
          1,
          null,
          12,
          10,
          null,
          12,
          null,
          null,
          1,
          35,
          25,
          10,
          10,
          null,
          null,
          null,
          1,
          15,
          15,
          null,
          13,
          null,
          13,
          13,
          null,
          12,
          12,
          12,
          12,
          null,
          null,
          1,
          12,
          null,
          null,
          1,
          12,
          12,
          0,
          0,
          null,
          0,
          null,
          null,
          null,
          1,
          12,
          389,
          389,
          377,
          null,
          null,
          null,
          1,
          12,
          12,
          1200,
          1199,
          1199,
          null,
          null,
          null,
          null,
          1,
          389,
          null,
          null,
          null,
          1,
          2,
          null,
          null,
          1,
          25,
          25,
          null,
          22,
          null,
          22,
          22,
          null,
          20,
          20,
          null,
          null,
          20,
          20,
          null,
          null,
          1,
          20,
          20,
          22,
          22,
          210,
          208,
          208,
          null,
          null,
          null,
          22,
          null,
          20,
          null,
          2,
          null,
          null,
          null,
          1,
          20,
          20,
          1,
          1,
          null,
          0,
          null,
          null,
          null,
          1,
          20,
          21,
          21,
          20,
          null,
          null,
          null,
          1,
          42,
          null,
          null,
          null,
          1,
          1410,
          null,
          null,
          1,
          1,
          1,
          0,
          0,
          0,
          null,
          null,
          null,
          null,
          1,
          4,
          null,
          null,
          1,
          10,
          null,
          null,
          1,
          10,
          null,
          null
        ]
      },
      "/Users/Calvin/programming_practice/info_compass/spec/models/user_spec.rb": {
        "lines": [
          1,
          null,
          1,
          1,
          2,
          null,
          null,
          1,
          2,
          2,
          null,
          null,
          1,
          2,
          2,
          2,
          2,
          2,
          null,
          null,
          1,
          1,
          3,
          null,
          null,
          1,
          1,
          1,
          1,
          null,
          null,
          1,
          1,
          1,
          1,
          null,
          null,
          1,
          1,
          1,
          null,
          null,
          null,
          1,
          1,
          4,
          null,
          null,
          1,
          1,
          1,
          null,
          null,
          1,
          1,
          1,
          null,
          null,
          1,
          1,
          1,
          1,
          null,
          null,
          1,
          1,
          1,
          1,
          null,
          null,
          null,
          null,
          1,
          1,
          1,
          1,
          1,
          null,
          null,
          null,
          1,
          1,
          1,
          1,
          1,
          null,
          null,
          null,
          1,
          1,
          1,
          1,
          1,
          null,
          null,
          1,
          1,
          1,
          null,
          null,
          null
        ]
      },
      "/Users/Calvin/programming_practice/info_compass/app/models/user.rb": {
        "lines": [
          1,
          1,
          null,
          1,
          1,
          null,
          1,
          1,
          1,
          null,
          1,
          0,
          null,
          null,
          1,
          105,
          105,
          79,
          null,
          26,
          null,
          null,
          null,
          1,
          39,
          null,
          39,
          35,
          null,
          4,
          4,
          null,
          null,
          null,
          1,
          6,
          null,
          null,
          1,
          5,
          null,
          null,
          1,
          8,
          null,
          null,
          1,
          null,
          1,
          198,
          null,
          null
        ]
      },
      "/Users/Calvin/programming_practice/info_compass/spec/services/arxiv_spec.rb": {
        "lines": [
          1,
          null,
          1,
          1,
          1,
          1,
          1,
          null,
          null,
          1,
          1,
          1,
          1,
          1,
          1,
          null,
          null,
          1,
          1,
          1,
          1,
          1,
          null,
          null,
          null
        ]
      },
      "/Users/Calvin/programming_practice/info_compass/app/services/arxiv.rb": {
        "lines": [
          1,
          1,
          null,
          1,
          1,
          null,
          1,
          29,
          29,
          null,
          null,
          1,
          null,
          1,
          29,
          29,
          29,
          260,
          260,
          260,
          260,
          260,
          260,
          260,
          260,
          260,
          260,
          null,
          29,
          null,
          null,
          1,
          260,
          260,
          1462,
          260,
          null,
          1202,
          null,
          null,
          260,
          null,
          null,
          1,
          29,
          29,
          58,
          null,
          null,
          1,
          29,
          29,
          29,
          29,
          null,
          null,
          1,
          29,
          29,
          33,
          29,
          null,
          4,
          null,
          null,
          29,
          null,
          null
        ]
      },
      "/Users/Calvin/programming_practice/info_compass/app/services/rate_limiter.rb": {
        "lines": [
          1,
          1,
          2,
          2,
          null,
          null,
          1,
          31,
          31,
          27,
          null,
          31,
          31,
          null,
          null
        ]
      },
      "/Users/Calvin/programming_practice/info_compass/spec/services/media_stack_spec.rb": {
        "lines": [
          1,
          null,
          1,
          1,
          1,
          1,
          1,
          null,
          null,
          1,
          1,
          1,
          1,
          1,
          1,
          null,
          null,
          1,
          1,
          1,
          1,
          1,
          null,
          null,
          null
        ]
      },
      "/Users/Calvin/programming_practice/info_compass/app/services/media_stack.rb": {
        "lines": [
          1,
          null,
          1,
          1,
          17,
          17,
          null,
          null,
          1,
          null,
          1,
          17,
          17,
          17,
          17,
          17,
          null,
          null,
          1,
          17,
          17,
          17,
          17,
          17,
          17,
          17,
          null,
          null,
          1,
          17,
          17,
          17,
          1600,
          1600,
          1600,
          1600,
          1600,
          1600,
          1600,
          1600,
          1600,
          1600,
          1600,
          null,
          17,
          null,
          null,
          1,
          1600,
          null,
          null,
          1,
          null,
          1600,
          null,
          null,
          1,
          17,
          17,
          2,
          2,
          2,
          null,
          15,
          null,
          null,
          null
        ]
      },
      "/Users/Calvin/programming_practice/info_compass/spec/services/rate_limiter_spec.rb": {
        "lines": [
          1,
          null,
          1,
          1,
          1,
          1,
          1,
          4,
          null,
          null,
          null,
          1,
          1,
          1,
          1,
          null,
          null
        ]
      },
      "/Users/Calvin/programming_practice/info_compass/spec/fabricators/article_fabricator.rb": {
        "lines": [
          1,
          null,
          1,
          12,
          53,
          56,
          56,
          52,
          52,
          30,
          56,
          2,
          43,
          null
        ]
      },
      "/Users/Calvin/programming_practice/info_compass/spec/fabricators/search_term_fabricator.rb": {
        "lines": [
          1,
          null,
          1,
          34,
          25,
          2,
          null
        ]
      },
      "/Users/Calvin/programming_practice/info_compass/spec/fabricators/topic_fabricator.rb": {
        "lines": [
          1,
          null,
          1,
          60,
          75,
          63,
          2,
          null
        ]
      },
      "/Users/Calvin/programming_practice/info_compass/spec/fabricators/user_fabricator.rb": {
        "lines": [
          1,
          null,
          1,
          158,
          161,
          163,
          148,
          163,
          163,
          154,
          null
        ]
      },
      "/Users/Calvin/programming_practice/info_compass/app/mailers/user_mailer.rb": {
        "lines": [
          1,
          1,
          null,
          1,
          5,
          5,
          null,
          null
        ]
      },
      "/Users/Calvin/programming_practice/info_compass/app/mailers/application_mailer.rb": {
        "lines": [
          1,
          1,
          null
        ]
      }
    },
    "timestamp": 1641496576
  }
}
